2025-04-28T21:01:42+02:00 Delete user called. POST: {"user_id":"4"} SESSION: {"user_id":1,"username":"admin","full_name":"Admin User","role":"admin"}
2025-04-28T21:01:42+02:00 Attempting to delete user_id: 4, current_user_id: 1
2025-04-28T21:01:42+02:00 Order IDs: []
2025-04-28T21:01:42+02:00 Deleted from user_preferences
2025-04-28T21:01:42+02:00 Exception: Cannot delete or update a parent row: a foreign key constraint fails (`healthy_meal_kit`.`comments`, CONSTRAINT `comments_ibfk_2` FOREIGN KEY (`user_id`) REFERENCES `users` (`user_id`))
2025-04-28T21:03:16+02:00 Delete user called. POST: {"user_id":"4"} SESSION: {"user_id":1,"username":"admin","full_name":"Admin User","role":"admin"}
2025-04-28T21:03:16+02:00 Attempting to delete user_id: 4, current_user_id: 1
2025-04-28T21:03:16+02:00 Deleted from comments
2025-04-28T21:03:16+02:00 Order IDs: []
2025-04-28T21:03:16+02:00 Deleted from user_preferences
2025-04-28T21:03:16+02:00 Deleted from users
2025-04-28T21:03:16+02:00 User deleted successfully
2025-04-28T21:05:12+02:00 Delete user called. POST: {"user_id":"5"} SESSION: {"user_id":1,"username":"admin","full_name":"Admin User","role":"admin"}
2025-04-28T21:05:12+02:00 Attempting to delete user_id: 5, current_user_id: 1
2025-04-28T21:05:12+02:00 Deleted from comments
2025-04-28T21:05:12+02:00 Order IDs: []
2025-04-28T21:05:12+02:00 Deleted from user_preferences
2025-04-28T21:05:12+02:00 Deleted from users
2025-04-28T21:05:12+02:00 User deleted successfully
2025-04-28T21:05:38+02:00 Delete user called. POST: {"user_id":"2"} SESSION: {"user_id":1,"username":"admin","full_name":"Admin User","role":"admin"}
2025-04-28T21:05:38+02:00 Attempting to delete user_id: 2, current_user_id: 1
2025-04-28T21:05:38+02:00 Deleted from comments
2025-04-28T21:05:38+02:00 Order IDs: [1,2,3,4,5]
2025-04-28T21:05:38+02:00 Order Item IDs: [1,2,3,4,5,6,7,8,9,10,11]
2025-04-28T21:05:38+02:00 Deleted from order_item_ingredients
2025-04-28T21:05:38+02:00 Deleted from order_items
2025-04-28T21:05:38+02:00 Deleted from orders
2025-04-28T21:05:38+02:00 Deleted from user_preferences
2025-04-28T21:05:38+02:00 Deleted from users
2025-04-28T21:05:38+02:00 User deleted successfully
2025-04-28T21:06:28+02:00 Delete user called. POST: {"user_id":"5"} SESSION: {"user_id":1,"username":"admin","full_name":"Admin User","role":"admin"}
2025-04-28T21:06:28+02:00 Attempting to delete user_id: 5, current_user_id: 1
2025-04-28T21:06:28+02:00 Deleted from comments
2025-04-28T21:06:28+02:00 Order IDs: []
2025-04-28T21:06:28+02:00 Deleted from user_preferences
2025-04-28T21:06:28+02:00 Deleted from users
2025-04-28T21:06:28+02:00 User deleted successfully
2025-04-28T21:08:49+02:00 Delete user called. POST: {"user_id":"5"} SESSION: {"user_id":1,"username":"admin","full_name":"Admin User","role":"admin"}
2025-04-28T21:08:49+02:00 Attempting to delete user_id: 5, current_user_id: 1
2025-04-28T21:08:49+02:00 Deleted from comments
2025-04-28T21:08:49+02:00 Order IDs: []
2025-04-28T21:08:49+02:00 Deleted from user_preferences
2025-04-28T21:08:49+02:00 Deleted from users
2025-04-28T21:08:49+02:00 User deleted successfully
2025-04-28T21:09:00+02:00 Delete user called. POST: {"user_id":"4"} SESSION: {"user_id":1,"username":"admin","full_name":"Admin User","role":"admin"}
2025-04-28T21:09:00+02:00 Attempting to delete user_id: 4, current_user_id: 1
2025-04-28T21:09:00+02:00 Deleted from comments
2025-04-28T21:09:00+02:00 Order IDs: []
2025-04-28T21:09:00+02:00 Deleted from user_preferences
2025-04-28T21:09:00+02:00 Deleted from users
2025-04-28T21:09:00+02:00 User deleted successfully
2025-04-28T21:10:29+02:00 Delete user called. POST: {"user_id":"3"} SESSION: {"user_id":1,"username":"admin","full_name":"Admin User","role":"admin"}
2025-04-28T21:10:29+02:00 Attempting to delete user_id: 3, current_user_id: 1
2025-04-28T21:10:29+02:00 Deleted from comments
2025-04-28T21:10:29+02:00 Order IDs: []
2025-04-28T21:10:29+02:00 Deleted from user_preferences
2025-04-28T21:10:29+02:00 Deleted from users
2025-04-28T21:10:29+02:00 User deleted successfully
2025-04-28T21:11:05+02:00 Delete user called. POST: {"user_id":"2"} SESSION: {"user_id":1,"username":"admin","full_name":"Admin User","role":"admin"}
2025-04-28T21:11:05+02:00 Attempting to delete user_id: 2, current_user_id: 1
2025-04-28T21:11:05+02:00 Deleted from comments
2025-04-28T21:11:05+02:00 Order IDs: [1,2,3,4,5]
2025-04-28T21:11:05+02:00 Order Item IDs: [1,2,3,4,5,6,7,8,9,10,11]
2025-04-28T21:11:05+02:00 Deleted from order_item_ingredients
2025-04-28T21:11:05+02:00 Deleted from order_items
2025-04-28T21:11:05+02:00 Deleted from orders
2025-04-28T21:11:05+02:00 Deleted from user_preferences
2025-04-28T21:11:05+02:00 Deleted from users
2025-04-28T21:11:05+02:00 User deleted successfully
2025-04-28T21:14:28+02:00 Delete user called. POST: {"user_id":"3"} SESSION: {"user_id":1,"username":"admin","full_name":"Admin User","role":"admin"}
2025-04-28T21:14:28+02:00 Attempting to delete user_id: 3, current_user_id: 1
2025-04-28T21:14:28+02:00 Deleted from comments
2025-04-28T21:14:28+02:00 Order IDs: []
2025-04-28T21:14:28+02:00 Deleted from user_preferences
2025-04-28T21:14:28+02:00 Deleted from users
2025-04-28T21:14:28+02:00 User deleted successfully
2025-04-28T21:14:38+02:00 Delete user called. POST: {"user_id":"5"} SESSION: {"user_id":1,"username":"admin","full_name":"Admin User","role":"admin"}
2025-04-28T21:14:38+02:00 Attempting to delete user_id: 5, current_user_id: 1
2025-04-28T21:14:38+02:00 Deleted from comments
2025-04-28T21:14:38+02:00 Order IDs: []
2025-04-28T21:14:38+02:00 Deleted from user_preferences
2025-04-28T21:14:38+02:00 Deleted from users
2025-04-28T21:14:38+02:00 User deleted successfully
2025-04-28T21:17:10+02:00 Delete user called. POST: {"user_id":"5"} SESSION: {"user_id":1,"username":"admin","full_name":"Admin User","role":"admin"}
2025-04-28T21:17:10+02:00 Attempting to delete user_id: 5, current_user_id: 1
2025-04-28T21:17:10+02:00 Deleted from comments
2025-04-28T21:17:10+02:00 Order IDs: []
2025-04-28T21:17:10+02:00 Deleted from user_preferences
2025-04-28T21:17:10+02:00 Deleted from users
2025-04-28T21:17:10+02:00 User deleted successfully
