[2025-05-29 22:32:21] Starting inactive users check...
[2025-05-29 22:32:21] Found 0 users to deactivate.
[2025-05-29 22:32:21] No inactive users found.
[2025-05-29 22:32:21] Found 0 users who have never logged in to deactivate.
[2025-05-29 22:32:21] Inactive user check completed.
[2025-05-29 22:32:22] Starting inactive users check...
[2025-05-29 22:32:22] Found 0 users to deactivate.
[2025-05-29 22:32:22] No inactive users found.
[2025-05-29 22:32:22] Found 0 users who have never logged in to deactivate.
[2025-05-29 22:32:22] Inactive user check completed.
[2025-05-29 22:32:22] Starting inactive users check...
[2025-05-29 22:32:22] Found 0 users to deactivate.
[2025-05-29 22:32:22] No inactive users found.
[2025-05-29 22:32:22] Found 0 users who have never logged in to deactivate.
[2025-05-29 22:32:22] Inactive user check completed.
[2025-05-29 22:32:24] Starting inactive users check...
[2025-05-29 22:32:24] Found 0 users to deactivate.
[2025-05-29 22:32:24] No inactive users found.
[2025-05-29 22:32:24] Found 0 users who have never logged in to deactivate.
[2025-05-29 22:32:24] Inactive user check completed.
[2025-05-29 22:32:24] Starting inactive users check...
[2025-05-29 22:32:24] Found 0 users to deactivate.
[2025-05-29 22:32:24] No inactive users found.
[2025-05-29 22:32:24] Found 0 users who have never logged in to deactivate.
[2025-05-29 22:32:24] Inactive user check completed.
[2025-05-29 22:32:24] Starting inactive users check...
[2025-05-29 22:32:24] Found 0 users to deactivate.
[2025-05-29 22:32:24] No inactive users found.
[2025-05-29 22:32:24] Found 0 users who have never logged in to deactivate.
[2025-05-29 22:32:24] Inactive user check completed.
[2025-05-29 22:32:27] Starting inactive users check...
[2025-05-29 22:32:27] Found 0 users to deactivate.
[2025-05-29 22:32:27] No inactive users found.
[2025-05-29 22:32:27] Found 0 users who have never logged in to deactivate.
[2025-05-29 22:32:27] Inactive user check completed.
[2025-05-29 22:32:30] Starting inactive users check...
[2025-05-29 22:32:30] Found 0 users to deactivate.
[2025-05-29 22:32:30] No inactive users found.
[2025-05-29 22:32:30] Found 0 users who have never logged in to deactivate.
[2025-05-29 22:32:30] Inactive user check completed.
[2025-05-29 22:32:30] Starting inactive users check...
[2025-05-29 22:32:30] Found 0 users to deactivate.
[2025-05-29 22:32:30] No inactive users found.
[2025-05-29 22:32:30] Found 0 users who have never logged in to deactivate.
[2025-05-29 22:32:30] Inactive user check completed.
[2025-05-29 22:32:30] Starting inactive users check...
[2025-05-29 22:32:30] Found 0 users to deactivate.
[2025-05-29 22:32:30] No inactive users found.
[2025-05-29 22:32:30] Found 0 users who have never logged in to deactivate.
[2025-05-29 22:32:30] Inactive user check completed.
[2025-05-29 22:32:30] Starting inactive users check...
[2025-05-29 22:32:30] Found 0 users to deactivate.
[2025-05-29 22:32:30] No inactive users found.
[2025-05-29 22:32:30] Found 0 users who have never logged in to deactivate.
[2025-05-29 22:32:30] Inactive user check completed.
[2025-05-29 22:32:30] Starting inactive users check...
[2025-05-29 22:32:30] Found 0 users to deactivate.
[2025-05-29 22:32:30] No inactive users found.
[2025-05-29 22:32:30] Found 0 users who have never logged in to deactivate.
[2025-05-29 22:32:30] Inactive user check completed.
[2025-05-29 22:32:31] Starting inactive users check...
[2025-05-29 22:32:31] Found 0 users to deactivate.
[2025-05-29 22:32:31] No inactive users found.
[2025-05-29 22:32:31] Found 0 users who have never logged in to deactivate.
[2025-05-29 22:32:31] Inactive user check completed.
[2025-05-29 22:32:31] Starting inactive users check...
[2025-05-29 22:32:31] Found 0 users to deactivate.
[2025-05-29 22:32:31] No inactive users found.
[2025-05-29 22:32:31] Found 0 users who have never logged in to deactivate.
[2025-05-29 22:32:31] Inactive user check completed.
[2025-05-29 22:32:31] Starting inactive users check...
[2025-05-29 22:32:31] Found 0 users to deactivate.
[2025-05-29 22:32:31] No inactive users found.
[2025-05-29 22:32:31] Found 0 users who have never logged in to deactivate.
[2025-05-29 22:32:31] Inactive user check completed.
[2025-05-29 22:32:31] Starting inactive users check...
[2025-05-29 22:32:31] Found 0 users to deactivate.
[2025-05-29 22:32:31] No inactive users found.
[2025-05-29 22:32:31] Found 0 users who have never logged in to deactivate.
[2025-05-29 22:32:31] Inactive user check completed.
[2025-05-29 22:32:32] Starting inactive users check...
[2025-05-29 22:32:32] Found 0 users to deactivate.
[2025-05-29 22:32:32] No inactive users found.
[2025-05-29 22:32:32] Found 0 users who have never logged in to deactivate.
[2025-05-29 22:32:32] Inactive user check completed.
[2025-05-29 22:32:32] Starting inactive users check...
[2025-05-29 22:32:32] Found 0 users to deactivate.
[2025-05-29 22:32:32] No inactive users found.
[2025-05-29 22:32:32] Found 0 users who have never logged in to deactivate.
[2025-05-29 22:32:32] Inactive user check completed.
[2025-05-29 22:32:32] Starting inactive users check...
[2025-05-29 22:32:32] Found 0 users to deactivate.
[2025-05-29 22:32:32] No inactive users found.
[2025-05-29 22:32:32] Found 0 users who have never logged in to deactivate.
[2025-05-29 22:32:32] Inactive user check completed.
[2025-05-29 22:32:32] Starting inactive users check...
[2025-05-29 22:32:32] Found 0 users to deactivate.
[2025-05-29 22:32:32] No inactive users found.
[2025-05-29 22:32:32] Found 0 users who have never logged in to deactivate.
[2025-05-29 22:32:32] Inactive user check completed.
[2025-05-29 22:32:33] Starting inactive users check...
[2025-05-29 22:32:33] Found 0 users to deactivate.
[2025-05-29 22:32:33] No inactive users found.
[2025-05-29 22:32:33] Found 0 users who have never logged in to deactivate.
[2025-05-29 22:32:33] Inactive user check completed.
[2025-05-29 22:32:33] Starting inactive users check...
[2025-05-29 22:32:33] Found 0 users to deactivate.
[2025-05-29 22:32:33] No inactive users found.
[2025-05-29 22:32:33] Found 0 users who have never logged in to deactivate.
[2025-05-29 22:32:33] Inactive user check completed.
[2025-05-29 22:32:34] Starting inactive users check...
[2025-05-29 22:32:34] Found 0 users to deactivate.
[2025-05-29 22:32:34] No inactive users found.
[2025-05-29 22:32:34] Found 0 users who have never logged in to deactivate.
[2025-05-29 22:32:34] Inactive user check completed.
[2025-05-29 22:32:34] Starting inactive users check...
[2025-05-29 22:32:34] Found 0 users to deactivate.
[2025-05-29 22:32:34] No inactive users found.
[2025-05-29 22:32:34] Found 0 users who have never logged in to deactivate.
[2025-05-29 22:32:34] Inactive user check completed.
[2025-05-29 22:33:55] Starting inactive users check...
[2025-05-29 22:33:55] Found 0 users to deactivate.
[2025-05-29 22:33:55] No inactive users found.
[2025-05-29 22:33:55] Found 0 users who have never logged in to deactivate.
[2025-05-29 22:33:55] Inactive user check completed.
