[2025-05-29 22:14:27] Received update request: {"order_id":6,"status_id":"3"}
[2025-05-29 22:14:27] Successfully updated order 6 to status 3 (preparing)
[2025-05-29 22:20:04] Received update request: {"order_id":6,"status_id":"4"}
[2025-05-29 22:20:04] Successfully updated order 6 to status 4 (out_for_delivery)
[2025-05-29 22:23:34] Received update request: {"order_id":6,"status_id":"5"}
[2025-05-29 22:23:34] Successfully updated order 6 to status 5 (delivered)
[2025-06-01 06:20:15] Received update request: {"order_id":"12","status_id":"5"}
[2025-06-01 06:20:15] Successfully updated order 12 to status 5 (delivered)
[2025-06-01 06:21:52] Received update request: {"order_id":13,"status_id":"5"}
[2025-06-01 06:21:52] Successfully updated order 13 to status 5 (delivered)
[2025-06-01 09:58:00] Received update request: {"order_id":17,"status_id":"5"}
[2025-06-01 09:58:00] Successfully updated order 17 to status 5 (delivered)
[2025-06-01 10:05:17] Received update request: {"order_id":"17","status_id":"5"}
[2025-06-01 10:05:17] Successfully updated order 17 to status 5 (delivered)
[2025-06-01 10:05:53] Received update request: {"order_id":17,"status_id":"2"}
[2025-06-01 10:05:53] Successfully updated order 17 to status 2 (confirmed)
[2025-06-01 10:05:59] Received update request: {"order_id":17,"status_id":"5"}
[2025-06-01 10:05:59] Successfully updated order 17 to status 5 (delivered)
[2025-06-01 12:07:07] Received update request: {"order_id":"9","status_id":"5"}
[2025-06-01 12:07:07] Successfully updated order 9 to status 5 (delivered)
[2025-06-01 13:51:10] Received update request: {"order_id":1,"status_id":"5"}
[2025-06-01 13:51:10] Successfully updated order 1 to status 5 (delivered)
[2025-06-01 13:51:17] Received update request: {"order_id":"2","status_id":"5"}
[2025-06-01 13:51:17] Successfully updated order 2 to status 5 (delivered)
